<?xml version="1.0" encoding="UTF-8" standalone="no"?><testsuite errors="0" failures="0" name="Register" skipped="0" tests="5" time="34.54" timestamp="2023-05-08 06:52:23"><testcase name="As a user I have successfully registered"/><testcase name="As a user I registered with incorrect data filled numbers"/><testcase name="As a user I registered with incorrect data filled character"/><testcase name="As a user I register with the data that has been registered"/><testcase name="As a user I registered with incomplete data"/></testsuite>