<?xml version="1.0" encoding="UTF-8" standalone="no"?><testsuite errors="0" failures="0" name="Login" skipped="0" tests="6" time="38.12" timestamp="2023-05-08 06:51:41"><testcase name="As user i have be able to success login"/><testcase name="As user i have be able to failed login with account unregistered"/><testcase name="As user i have be able to failed login with invalid password"/><testcase name="As user i have be able to failed login with password not filled"/><testcase name="As user i have be able to failed login with email not filled"/><testcase name="As user i have be able to failed login with email and password not filled"/></testsuite>